# Logfile created on 2013-12-27 09:33:22 -0800 by logger.rb/31641
I, [2013-12-27T09:33:22.533664 #83763]  INFO -- : 0:  rake (10.1.1) from /Users/johntibbetts/.rbenv/versions/1.9.3-p448/lib/ruby/gems/1.9.1/specifications/rake-10.1.1.gemspec
I, [2013-12-27T09:33:22.534360 #83763]  INFO -- : 0:  PriorityQueue (0.1.2) from /Users/johntibbetts/.rbenv/versions/1.9.3-p448/lib/ruby/gems/1.9.1/specifications/PriorityQueue-0.1.2.gemspec
I, [2013-12-27T09:33:22.534898 #83763]  INFO -- : 0:  RedCloth (4.2.9) from /Users/johntibbetts/.rbenv/versions/1.9.3-p448/lib/ruby/gems/1.9.1/specifications/RedCloth-4.2.9.gemspec
I, [2013-12-27T09:33:22.535399 #83763]  INFO -- : 0:  i18n (0.6.9) from /Users/johntibbetts/.rbenv/versions/1.9.3-p448/lib/ruby/gems/1.9.1/specifications/i18n-0.6.9.gemspec
I, [2013-12-27T09:33:22.535877 #83763]  INFO -- : 0:  multi_json (1.8.2) from /Users/johntibbetts/.rbenv/versions/1.9.3-p448/lib/ruby/gems/1.9.1/specifications/multi_json-1.8.2.gemspec
I, [2013-12-27T09:33:22.536377 #83763]  INFO -- : 0:  activesupport (3.2.6) from /Users/johntibbetts/.rbenv/versions/1.9.3-p448/lib/ruby/gems/1.9.1/specifications/activesupport-3.2.6.gemspec
I, [2013-12-27T09:33:22.536841 #83763]  INFO -- : 0:  builder (3.0.4) from /Users/johntibbetts/.gem/ruby/1.9.1/specifications/builder-3.0.4.gemspec
I, [2013-12-27T09:33:22.537316 #83763]  INFO -- : 0:  activemodel (3.2.6) from /Users/johntibbetts/.rbenv/versions/1.9.3-p448/lib/ruby/gems/1.9.1/specifications/activemodel-3.2.6.gemspec
I, [2013-12-27T09:33:22.537759 #83763]  INFO -- : 0:  erubis (2.7.0) from /Users/johntibbetts/.gem/ruby/1.9.1/specifications/erubis-2.7.0.gemspec
I, [2013-12-27T09:33:22.538219 #83763]  INFO -- : 0:  journey (1.0.4) from /Users/johntibbetts/.gem/ruby/1.9.1/specifications/journey-1.0.4.gemspec
I, [2013-12-27T09:33:22.538712 #83763]  INFO -- : 0:  rack (1.4.1) from /Users/johntibbetts/.rbenv/versions/1.9.3-p448/lib/ruby/gems/1.9.1/specifications/rack-1.4.1.gemspec
I, [2013-12-27T09:33:22.539187 #83763]  INFO -- : 0:  rack-cache (1.2) from /Users/johntibbetts/.gem/ruby/1.9.1/specifications/rack-cache-1.2.gemspec
I, [2013-12-27T09:33:22.539639 #83763]  INFO -- : 0:  rack-test (0.6.2) from /Users/johntibbetts/.gem/ruby/1.9.1/specifications/rack-test-0.6.2.gemspec
I, [2013-12-27T09:33:22.540125 #83763]  INFO -- : 0:  hike (1.2.3) from /Users/johntibbetts/.rbenv/versions/1.9.3-p448/lib/ruby/gems/1.9.1/specifications/hike-1.2.3.gemspec
I, [2013-12-27T09:33:22.540648 #83763]  INFO -- : 0:  tilt (1.4.1) from /Users/johntibbetts/.rbenv/versions/1.9.3-p448/lib/ruby/gems/1.9.1/specifications/tilt-1.4.1.gemspec
I, [2013-12-27T09:33:22.541150 #83763]  INFO -- : 0:  sprockets (2.1.3) from /Users/johntibbetts/.rbenv/versions/1.9.3-p448/lib/ruby/gems/1.9.1/specifications/sprockets-2.1.3.gemspec
I, [2013-12-27T09:33:22.541642 #83763]  INFO -- : 0:  actionpack (3.2.6) from /Users/johntibbetts/.rbenv/versions/1.9.3-p448/lib/ruby/gems/1.9.1/specifications/actionpack-3.2.6.gemspec
I, [2013-12-27T09:33:22.542171 #83763]  INFO -- : 0:  mime-types (1.25.1) from /Users/johntibbetts/.rbenv/versions/1.9.3-p448/lib/ruby/gems/1.9.1/specifications/mime-types-1.25.1.gemspec
I, [2013-12-27T09:33:22.542534 #83763]  INFO -- : 0:  polyglot (0.3.3) from /Users/johntibbetts/.gem/ruby/1.9.1/specifications/polyglot-0.3.3.gemspec
I, [2013-12-27T09:33:22.542909 #83763]  INFO -- : 0:  treetop (1.4.15) from /Users/johntibbetts/.rbenv/versions/1.9.3-p448/lib/ruby/gems/1.9.1/specifications/treetop-1.4.15.gemspec
I, [2013-12-27T09:33:22.543263 #83763]  INFO -- : 0:  mail (2.4.4) from /Users/johntibbetts/.rbenv/versions/1.9.3-p448/lib/ruby/gems/1.9.1/specifications/mail-2.4.4.gemspec
I, [2013-12-27T09:33:22.543597 #83763]  INFO -- : 0:  actionmailer (3.2.6) from /Users/johntibbetts/.rbenv/versions/1.9.3-p448/lib/ruby/gems/1.9.1/specifications/actionmailer-3.2.6.gemspec
I, [2013-12-27T09:33:22.543985 #83763]  INFO -- : 0:  arbre (1.0.1) from /Users/johntibbetts/.rbenv/versions/1.9.3-p448/lib/ruby/gems/1.9.1/specifications/arbre-1.0.1.gemspec
I, [2013-12-27T09:33:22.544486 #83763]  INFO -- : 0:  sass (3.2.13) from /Users/johntibbetts/.rbenv/versions/1.9.3-p448/lib/ruby/gems/1.9.1/specifications/sass-3.2.13.gemspec
I, [2013-12-27T09:33:22.544999 #83763]  INFO -- : 0:  thor (0.18.1) from /Users/johntibbetts/.gem/ruby/1.9.1/specifications/thor-0.18.1.gemspec
I, [2013-12-27T09:33:22.545524 #83763]  INFO -- : 0:  bourbon (3.1.8) from /Users/johntibbetts/.rbenv/versions/1.9.3-p448/lib/ruby/gems/1.9.1/specifications/bourbon-3.1.8.gemspec
I, [2013-12-27T09:33:22.546036 #83763]  INFO -- : 0:  coffee-script-source (1.6.3) from /Users/johntibbetts/.rbenv/versions/1.9.3-p448/lib/ruby/gems/1.9.1/specifications/coffee-script-source-1.6.3.gemspec
I, [2013-12-27T09:33:22.546514 #83763]  INFO -- : 0:  execjs (2.0.2) from /Users/johntibbetts/.rbenv/versions/1.9.3-p448/lib/ruby/gems/1.9.1/specifications/execjs-2.0.2.gemspec
I, [2013-12-27T09:33:22.547001 #83763]  INFO -- : 0:  coffee-script (2.2.0) from /Users/johntibbetts/.rbenv/versions/1.9.3-p448/lib/ruby/gems/1.9.1/specifications/coffee-script-2.2.0.gemspec
I, [2013-12-27T09:33:22.547509 #83763]  INFO -- : 0:  rack-ssl (1.3.3) from /Users/johntibbetts/.gem/ruby/1.9.1/specifications/rack-ssl-1.3.3.gemspec
I, [2013-12-27T09:33:22.547998 #83763]  INFO -- : 0:  json (1.8.1) from /Users/johntibbetts/.rbenv/versions/1.9.3-p448/lib/ruby/gems/1.9.1/specifications/json-1.8.1.gemspec
I, [2013-12-27T09:33:22.548518 #83763]  INFO -- : 0:  rdoc (3.12.2) from /Users/johntibbetts/.rbenv/versions/1.9.3-p448/lib/ruby/gems/1.9.1/specifications/rdoc-3.12.2.gemspec
I, [2013-12-27T09:33:22.549025 #83763]  INFO -- : 0:  railties (3.2.6) from /Users/johntibbetts/.rbenv/versions/1.9.3-p448/lib/ruby/gems/1.9.1/specifications/railties-3.2.6.gemspec
I, [2013-12-27T09:33:22.549571 #83763]  INFO -- : 0:  coffee-rails (3.2.2) from /Users/johntibbetts/.rbenv/versions/1.9.3-p448/lib/ruby/gems/1.9.1/specifications/coffee-rails-3.2.2.gemspec
I, [2013-12-27T09:33:22.550070 #83763]  INFO -- : 0:  bcrypt-ruby (3.1.2) from /Users/johntibbetts/.rbenv/versions/1.9.3-p448/lib/ruby/gems/1.9.1/specifications/bcrypt-ruby-3.1.2.gemspec
I, [2013-12-27T09:33:22.550565 #83763]  INFO -- : 0:  orm_adapter (0.5.0) from /Users/johntibbetts/.rbenv/versions/1.9.3-p448/lib/ruby/gems/1.9.1/specifications/orm_adapter-0.5.0.gemspec
I, [2013-12-27T09:33:22.551053 #83763]  INFO -- : 0:  atomic (1.1.14) from /Users/johntibbetts/.rbenv/versions/1.9.3-p448/lib/ruby/gems/1.9.1/specifications/atomic-1.1.14.gemspec
I, [2013-12-27T09:33:22.551544 #83763]  INFO -- : 0:  thread_safe (0.1.3) from /Users/johntibbetts/.rbenv/versions/1.9.3-p448/lib/ruby/gems/1.9.1/specifications/thread_safe-0.1.3.gemspec
I, [2013-12-27T09:33:22.552036 #83763]  INFO -- : 0:  warden (1.2.3) from /Users/johntibbetts/.rbenv/versions/1.9.3-p448/lib/ruby/gems/1.9.1/specifications/warden-1.2.3.gemspec
I, [2013-12-27T09:33:22.552453 #83763]  INFO -- : 0:  devise (3.2.2) from /Users/johntibbetts/.rbenv/versions/1.9.3-p448/lib/ruby/gems/1.9.1/specifications/devise-3.2.2.gemspec
I, [2013-12-27T09:33:22.552791 #83763]  INFO -- : 0:  formtastic (2.3.0.rc2) from /Users/johntibbetts/.rbenv/versions/1.9.3-p448/lib/ruby/gems/1.9.1/specifications/formtastic-2.3.0.rc2.gemspec
I, [2013-12-27T09:33:22.553144 #83763]  INFO -- : 0:  has_scope (0.6.0.rc) from /Users/johntibbetts/.rbenv/versions/1.9.3-p448/lib/ruby/gems/1.9.1/specifications/has_scope-0.6.0.rc.gemspec
I, [2013-12-27T09:33:22.553502 #83763]  INFO -- : 0:  responders (1.0.0) from /Users/johntibbetts/.rbenv/versions/1.9.3-p448/lib/ruby/gems/1.9.1/specifications/responders-1.0.0.gemspec
I, [2013-12-27T09:33:22.553911 #83763]  INFO -- : 0:  inherited_resources (1.4.1) from /Users/johntibbetts/.rbenv/versions/1.9.3-p448/lib/ruby/gems/1.9.1/specifications/inherited_resources-1.4.1.gemspec
I, [2013-12-27T09:33:22.554514 #83763]  INFO -- : 0:  jquery-rails (3.0.4) from /Users/johntibbetts/.rbenv/versions/1.9.3-p448/lib/ruby/gems/1.9.1/specifications/jquery-rails-3.0.4.gemspec
I, [2013-12-27T09:33:22.555065 #83763]  INFO -- : 0:  jquery-ui-rails (4.1.1) from /Users/johntibbetts/.rbenv/versions/1.9.3-p448/lib/ruby/gems/1.9.1/specifications/jquery-ui-rails-4.1.1.gemspec
I, [2013-12-27T09:33:22.555601 #83763]  INFO -- : 0:  kaminari (0.15.0) from /Users/johntibbetts/.rbenv/versions/1.9.3-p448/lib/ruby/gems/1.9.1/specifications/kaminari-0.15.0.gemspec
I, [2013-12-27T09:33:22.556134 #83763]  INFO -- : 0:  arel (3.0.3) from /Users/johntibbetts/.rbenv/versions/1.9.3-p448/lib/ruby/gems/1.9.1/specifications/arel-3.0.3.gemspec
I, [2013-12-27T09:33:22.556668 #83763]  INFO -- : 0:  tzinfo (0.3.38) from /Users/johntibbetts/.rbenv/versions/1.9.3-p448/lib/ruby/gems/1.9.1/specifications/tzinfo-0.3.38.gemspec
I, [2013-12-27T09:33:22.557233 #83763]  INFO -- : 0:  activerecord (3.2.6) from /Users/johntibbetts/.rbenv/versions/1.9.3-p448/lib/ruby/gems/1.9.1/specifications/activerecord-3.2.6.gemspec
I, [2013-12-27T09:33:22.557740 #83763]  INFO -- : 0:  activeresource (3.2.6) from /Users/johntibbetts/.rbenv/versions/1.9.3-p448/lib/ruby/gems/1.9.1/specifications/activeresource-3.2.6.gemspec
I, [2013-12-27T09:33:22.558242 #83763]  INFO -- : 0:  bundler (1.5.0) from /Users/johntibbetts/.rbenv/versions/1.9.3-p448/lib/ruby/gems/1.9.1/specifications/bundler-1.5.0.gemspec
I, [2013-12-27T09:33:22.558733 #83763]  INFO -- : 0:  rails (3.2.6) from /Users/johntibbetts/.rbenv/versions/1.9.3-p448/lib/ruby/gems/1.9.1/specifications/rails-3.2.6.gemspec
I, [2013-12-27T09:33:22.559225 #83763]  INFO -- : 0:  polyamorous (0.6.4) from /Users/johntibbetts/.rbenv/versions/1.9.3-p448/lib/ruby/gems/1.9.1/specifications/polyamorous-0.6.4.gemspec
I, [2013-12-27T09:33:22.559783 #83763]  INFO -- : 0:  ransack (1.1.0) from /Users/johntibbetts/.rbenv/versions/1.9.3-p448/lib/ruby/gems/1.9.1/specifications/ransack-1.1.0.gemspec
I, [2013-12-27T09:33:22.560322 #83763]  INFO -- : 0:  sass-rails (3.2.6) from /Users/johntibbetts/.rbenv/versions/1.9.3-p448/lib/ruby/gems/1.9.1/specifications/sass-rails-3.2.6.gemspec
I, [2013-12-27T09:33:23.005303 #83763]  INFO -- : 0:  activeadmin (1.0.0.pre) from /Users/johntibbetts/.rbenv/versions/1.9.3-p448/lib/ruby/gems/1.9.1/bundler/gems/active_admin-03c7bc771bf7/activeadmin.gemspec
I, [2013-12-27T09:33:23.005766 #83763]  INFO -- : 0:  haml (4.0.4) from /Users/johntibbetts/.rbenv/versions/1.9.3-p448/lib/ruby/gems/1.9.1/specifications/haml-4.0.4.gemspec
I, [2013-12-27T09:33:23.006100 #83763]  INFO -- : 0:  haml-rails (0.4) from /Users/johntibbetts/.rbenv/versions/1.9.3-p448/lib/ruby/gems/1.9.1/specifications/haml-rails-0.4.gemspec
I, [2013-12-27T09:33:23.006506 #83763]  INFO -- : 0:  multi_xml (0.5.5) from /Users/johntibbetts/.rbenv/versions/1.9.3-p448/lib/ruby/gems/1.9.1/specifications/multi_xml-0.5.5.gemspec
I, [2013-12-27T09:33:23.006853 #83763]  INFO -- : 0:  httparty (0.8.3) from /Users/johntibbetts/.rbenv/versions/1.9.3-p448/lib/ruby/gems/1.9.1/specifications/httparty-0.8.3.gemspec
I, [2013-12-27T09:33:23.007175 #83763]  INFO -- : 0:  jsonpath (0.5.5) from /Users/johntibbetts/.rbenv/versions/1.9.3-p448/lib/ruby/gems/1.9.1/specifications/jsonpath-0.5.5.gemspec
I, [2013-12-27T09:33:23.007490 #83763]  INFO -- : 0:  lrucache (0.1.4) from /Users/johntibbetts/.rbenv/versions/1.9.3-p448/lib/ruby/gems/1.9.1/specifications/lrucache-0.1.4.gemspec
I, [2013-12-27T09:33:23.007799 #83763]  INFO -- : 0:  oauth (0.4.7) from /Users/johntibbetts/.rbenv/versions/1.9.3-p448/lib/ruby/gems/1.9.1/specifications/oauth-0.4.7.gemspec
I, [2013-12-27T09:33:23.023703 #83763]  INFO -- : 0:  lti2_commons (1.4) from /Users/johntibbetts/.rbenv/versions/1.9.3-p448/lib/ruby/gems/1.9.1/bundler/gems/lti2_commons-4576df417a51/lti2_commons/lti2_commons.gemspec
I, [2013-12-27T09:33:25.231311 #83763]  INFO -- : 0:  mysql2 (0.3.13) from /Users/johntibbetts/.rbenv/versions/1.9.3-p448/lib/ruby/gems/1.9.1/specifications/mysql2-0.3.13.gemspec
I, [2013-12-27T09:33:25.338712 #83763]  INFO -- : 0:  lti2_tp (0.0.1) from /Users/johntibbetts/.rbenv/versions/1.9.3-p448/lib/ruby/gems/1.9.1/bundler/gems/lti2_tp-d37ec50fc663/lti2_tp/lti2_tp.gemspec
I, [2013-12-27T09:33:25.447233 #83763]  INFO -- : 0:  systemu (2.5.2) from /Users/johntibbetts/.rbenv/versions/1.9.3-p448/lib/ruby/gems/1.9.1/specifications/systemu-2.5.2.gemspec
I, [2013-12-27T09:33:25.593046 #83763]  INFO -- : 0:  macaddr (1.6.1) from /Users/johntibbetts/.rbenv/versions/1.9.3-p448/lib/ruby/gems/1.9.1/specifications/macaddr-1.6.1.gemspec
I, [2013-12-27T09:33:26.716180 #83763]  INFO -- : 0:  redis (3.0.6) from /Users/johntibbetts/.rbenv/versions/1.9.3-p448/lib/ruby/gems/1.9.1/specifications/redis-3.0.6.gemspec
I, [2013-12-27T09:33:28.803117 #83763]  INFO -- : 0:  sqlite3 (1.3.8) from /Users/johntibbetts/.rbenv/versions/1.9.3-p448/lib/ruby/gems/1.9.1/specifications/sqlite3-1.3.8.gemspec
I, [2013-12-27T09:33:29.462367 #83763]  INFO -- : 0:  uglifier (2.4.0) from /Users/johntibbetts/.rbenv/versions/1.9.3-p448/lib/ruby/gems/1.9.1/specifications/uglifier-2.4.0.gemspec
I, [2013-12-27T09:33:29.993920 #83763]  INFO -- : 0:  uuid (2.3.7) from /Users/johntibbetts/.rbenv/versions/1.9.3-p448/lib/ruby/gems/1.9.1/specifications/uuid-2.3.7.gemspec
I, [2013-12-27T09:33:30.827596 #83763]  INFO -- : 0:  yaml_db (0.2.3) from /Users/johntibbetts/.rbenv/versions/1.9.3-p448/lib/ruby/gems/1.9.1/specifications/yaml_db-0.2.3.gemspec
I, [2013-12-29T06:35:38.778360 #90056]  INFO -- : 0:  rake (10.1.1) from /Users/johntibbetts/.rbenv/versions/1.9.3-p448/lib/ruby/gems/1.9.1/specifications/rake-10.1.1.gemspec
I, [2013-12-29T06:35:38.782706 #90056]  INFO -- : 0:  PriorityQueue (0.1.2) from /Users/johntibbetts/.rbenv/versions/1.9.3-p448/lib/ruby/gems/1.9.1/specifications/PriorityQueue-0.1.2.gemspec
I, [2013-12-29T06:35:38.783289 #90056]  INFO -- : 0:  RedCloth (4.2.9) from /Users/johntibbetts/.rbenv/versions/1.9.3-p448/lib/ruby/gems/1.9.1/specifications/RedCloth-4.2.9.gemspec
I, [2013-12-29T06:35:38.783804 #90056]  INFO -- : 0:  i18n (0.6.9) from /Users/johntibbetts/.rbenv/versions/1.9.3-p448/lib/ruby/gems/1.9.1/specifications/i18n-0.6.9.gemspec
I, [2013-12-29T06:35:38.784307 #90056]  INFO -- : 0:  multi_json (1.8.2) from /Users/johntibbetts/.rbenv/versions/1.9.3-p448/lib/ruby/gems/1.9.1/specifications/multi_json-1.8.2.gemspec
I, [2013-12-29T06:35:38.784801 #90056]  INFO -- : 0:  activesupport (3.2.6) from /Users/johntibbetts/.rbenv/versions/1.9.3-p448/lib/ruby/gems/1.9.1/specifications/activesupport-3.2.6.gemspec
I, [2013-12-29T06:35:38.785140 #90056]  INFO -- : 0:  builder (3.0.4) from /Users/johntibbetts/.gem/ruby/1.9.1/specifications/builder-3.0.4.gemspec
I, [2013-12-29T06:35:38.790149 #90056]  INFO -- : 0:  activemodel (3.2.6) from /Users/johntibbetts/.rbenv/versions/1.9.3-p448/lib/ruby/gems/1.9.1/specifications/activemodel-3.2.6.gemspec
I, [2013-12-29T06:35:38.790576 #90056]  INFO -- : 0:  erubis (2.7.0) from /Users/johntibbetts/.gem/ruby/1.9.1/specifications/erubis-2.7.0.gemspec
I, [2013-12-29T06:35:38.790977 #90056]  INFO -- : 0:  journey (1.0.4) from /Users/johntibbetts/.gem/ruby/1.9.1/specifications/journey-1.0.4.gemspec
I, [2013-12-29T06:35:38.791367 #90056]  INFO -- : 0:  rack (1.4.1) from /Users/johntibbetts/.rbenv/versions/1.9.3-p448/lib/ruby/gems/1.9.1/specifications/rack-1.4.1.gemspec
I, [2013-12-29T06:35:38.791735 #90056]  INFO -- : 0:  rack-cache (1.2) from /Users/johntibbetts/.gem/ruby/1.9.1/specifications/rack-cache-1.2.gemspec
I, [2013-12-29T06:35:38.792064 #90056]  INFO -- : 0:  rack-test (0.6.2) from /Users/johntibbetts/.gem/ruby/1.9.1/specifications/rack-test-0.6.2.gemspec
I, [2013-12-29T06:35:38.792482 #90056]  INFO -- : 0:  hike (1.2.3) from /Users/johntibbetts/.rbenv/versions/1.9.3-p448/lib/ruby/gems/1.9.1/specifications/hike-1.2.3.gemspec
I, [2013-12-29T06:35:38.792820 #90056]  INFO -- : 0:  tilt (1.4.1) from /Users/johntibbetts/.rbenv/versions/1.9.3-p448/lib/ruby/gems/1.9.1/specifications/tilt-1.4.1.gemspec
I, [2013-12-29T06:35:38.793147 #90056]  INFO -- : 0:  sprockets (2.1.3) from /Users/johntibbetts/.rbenv/versions/1.9.3-p448/lib/ruby/gems/1.9.1/specifications/sprockets-2.1.3.gemspec
I, [2013-12-29T06:35:38.793493 #90056]  INFO -- : 0:  actionpack (3.2.6) from /Users/johntibbetts/.rbenv/versions/1.9.3-p448/lib/ruby/gems/1.9.1/specifications/actionpack-3.2.6.gemspec
I, [2013-12-29T06:35:38.793843 #90056]  INFO -- : 0:  mime-types (1.25.1) from /Users/johntibbetts/.rbenv/versions/1.9.3-p448/lib/ruby/gems/1.9.1/specifications/mime-types-1.25.1.gemspec
I, [2013-12-29T06:35:38.794215 #90056]  INFO -- : 0:  polyglot (0.3.3) from /Users/johntibbetts/.gem/ruby/1.9.1/specifications/polyglot-0.3.3.gemspec
I, [2013-12-29T06:35:38.794565 #90056]  INFO -- : 0:  treetop (1.4.15) from /Users/johntibbetts/.rbenv/versions/1.9.3-p448/lib/ruby/gems/1.9.1/specifications/treetop-1.4.15.gemspec
I, [2013-12-29T06:35:38.794931 #90056]  INFO -- : 0:  mail (2.4.4) from /Users/johntibbetts/.rbenv/versions/1.9.3-p448/lib/ruby/gems/1.9.1/specifications/mail-2.4.4.gemspec
I, [2013-12-29T06:35:38.795298 #90056]  INFO -- : 0:  actionmailer (3.2.6) from /Users/johntibbetts/.rbenv/versions/1.9.3-p448/lib/ruby/gems/1.9.1/specifications/actionmailer-3.2.6.gemspec
I, [2013-12-29T06:35:38.795722 #90056]  INFO -- : 0:  arbre (1.0.1) from /Users/johntibbetts/.rbenv/versions/1.9.3-p448/lib/ruby/gems/1.9.1/specifications/arbre-1.0.1.gemspec
I, [2013-12-29T06:35:38.796077 #90056]  INFO -- : 0:  sass (3.2.13) from /Users/johntibbetts/.rbenv/versions/1.9.3-p448/lib/ruby/gems/1.9.1/specifications/sass-3.2.13.gemspec
I, [2013-12-29T06:35:38.796383 #90056]  INFO -- : 0:  thor (0.18.1) from /Users/johntibbetts/.gem/ruby/1.9.1/specifications/thor-0.18.1.gemspec
I, [2013-12-29T06:35:38.796708 #90056]  INFO -- : 0:  bourbon (3.1.8) from /Users/johntibbetts/.rbenv/versions/1.9.3-p448/lib/ruby/gems/1.9.1/specifications/bourbon-3.1.8.gemspec
I, [2013-12-29T06:35:38.797116 #90056]  INFO -- : 0:  coffee-script-source (1.6.3) from /Users/johntibbetts/.rbenv/versions/1.9.3-p448/lib/ruby/gems/1.9.1/specifications/coffee-script-source-1.6.3.gemspec
I, [2013-12-29T06:35:38.797472 #90056]  INFO -- : 0:  execjs (2.0.2) from /Users/johntibbetts/.rbenv/versions/1.9.3-p448/lib/ruby/gems/1.9.1/specifications/execjs-2.0.2.gemspec
I, [2013-12-29T06:35:38.797829 #90056]  INFO -- : 0:  coffee-script (2.2.0) from /Users/johntibbetts/.rbenv/versions/1.9.3-p448/lib/ruby/gems/1.9.1/specifications/coffee-script-2.2.0.gemspec
I, [2013-12-29T06:35:38.798137 #90056]  INFO -- : 0:  rack-ssl (1.3.3) from /Users/johntibbetts/.gem/ruby/1.9.1/specifications/rack-ssl-1.3.3.gemspec
I, [2013-12-29T06:35:38.798496 #90056]  INFO -- : 0:  json (1.8.1) from /Users/johntibbetts/.rbenv/versions/1.9.3-p448/lib/ruby/gems/1.9.1/specifications/json-1.8.1.gemspec
I, [2013-12-29T06:35:38.798810 #90056]  INFO -- : 0:  rdoc (3.12.2) from /Users/johntibbetts/.rbenv/versions/1.9.3-p448/lib/ruby/gems/1.9.1/specifications/rdoc-3.12.2.gemspec
I, [2013-12-29T06:35:38.799155 #90056]  INFO -- : 0:  railties (3.2.6) from /Users/johntibbetts/.rbenv/versions/1.9.3-p448/lib/ruby/gems/1.9.1/specifications/railties-3.2.6.gemspec
I, [2013-12-29T06:35:38.799513 #90056]  INFO -- : 0:  coffee-rails (3.2.2) from /Users/johntibbetts/.rbenv/versions/1.9.3-p448/lib/ruby/gems/1.9.1/specifications/coffee-rails-3.2.2.gemspec
I, [2013-12-29T06:35:38.799877 #90056]  INFO -- : 0:  bcrypt-ruby (3.1.2) from /Users/johntibbetts/.rbenv/versions/1.9.3-p448/lib/ruby/gems/1.9.1/specifications/bcrypt-ruby-3.1.2.gemspec
I, [2013-12-29T06:35:38.800205 #90056]  INFO -- : 0:  orm_adapter (0.5.0) from /Users/johntibbetts/.rbenv/versions/1.9.3-p448/lib/ruby/gems/1.9.1/specifications/orm_adapter-0.5.0.gemspec
I, [2013-12-29T06:35:38.800540 #90056]  INFO -- : 0:  atomic (1.1.14) from /Users/johntibbetts/.rbenv/versions/1.9.3-p448/lib/ruby/gems/1.9.1/specifications/atomic-1.1.14.gemspec
I, [2013-12-29T06:35:38.800957 #90056]  INFO -- : 0:  thread_safe (0.1.3) from /Users/johntibbetts/.rbenv/versions/1.9.3-p448/lib/ruby/gems/1.9.1/specifications/thread_safe-0.1.3.gemspec
I, [2013-12-29T06:35:38.801271 #90056]  INFO -- : 0:  warden (1.2.3) from /Users/johntibbetts/.rbenv/versions/1.9.3-p448/lib/ruby/gems/1.9.1/specifications/warden-1.2.3.gemspec
I, [2013-12-29T06:35:38.801572 #90056]  INFO -- : 0:  devise (3.2.2) from /Users/johntibbetts/.rbenv/versions/1.9.3-p448/lib/ruby/gems/1.9.1/specifications/devise-3.2.2.gemspec
I, [2013-12-29T06:35:38.801840 #90056]  INFO -- : 0:  formtastic (2.3.0.rc2) from /Users/johntibbetts/.rbenv/versions/1.9.3-p448/lib/ruby/gems/1.9.1/specifications/formtastic-2.3.0.rc2.gemspec
I, [2013-12-29T06:35:38.802135 #90056]  INFO -- : 0:  has_scope (0.6.0.rc) from /Users/johntibbetts/.rbenv/versions/1.9.3-p448/lib/ruby/gems/1.9.1/specifications/has_scope-0.6.0.rc.gemspec
I, [2013-12-29T06:35:38.802398 #90056]  INFO -- : 0:  responders (1.0.0) from /Users/johntibbetts/.rbenv/versions/1.9.3-p448/lib/ruby/gems/1.9.1/specifications/responders-1.0.0.gemspec
I, [2013-12-29T06:35:38.802667 #90056]  INFO -- : 0:  inherited_resources (1.4.1) from /Users/johntibbetts/.rbenv/versions/1.9.3-p448/lib/ruby/gems/1.9.1/specifications/inherited_resources-1.4.1.gemspec
I, [2013-12-29T06:35:38.802938 #90056]  INFO -- : 0:  jquery-rails (3.0.4) from /Users/johntibbetts/.rbenv/versions/1.9.3-p448/lib/ruby/gems/1.9.1/specifications/jquery-rails-3.0.4.gemspec
I, [2013-12-29T06:35:38.803200 #90056]  INFO -- : 0:  jquery-ui-rails (4.1.1) from /Users/johntibbetts/.rbenv/versions/1.9.3-p448/lib/ruby/gems/1.9.1/specifications/jquery-ui-rails-4.1.1.gemspec
I, [2013-12-29T06:35:38.803474 #90056]  INFO -- : 0:  kaminari (0.15.0) from /Users/johntibbetts/.rbenv/versions/1.9.3-p448/lib/ruby/gems/1.9.1/specifications/kaminari-0.15.0.gemspec
I, [2013-12-29T06:35:38.803763 #90056]  INFO -- : 0:  arel (3.0.3) from /Users/johntibbetts/.rbenv/versions/1.9.3-p448/lib/ruby/gems/1.9.1/specifications/arel-3.0.3.gemspec
I, [2013-12-29T06:35:38.804030 #90056]  INFO -- : 0:  tzinfo (0.3.38) from /Users/johntibbetts/.rbenv/versions/1.9.3-p448/lib/ruby/gems/1.9.1/specifications/tzinfo-0.3.38.gemspec
I, [2013-12-29T06:35:38.804308 #90056]  INFO -- : 0:  activerecord (3.2.6) from /Users/johntibbetts/.rbenv/versions/1.9.3-p448/lib/ruby/gems/1.9.1/specifications/activerecord-3.2.6.gemspec
I, [2013-12-29T06:35:38.804608 #90056]  INFO -- : 0:  activeresource (3.2.6) from /Users/johntibbetts/.rbenv/versions/1.9.3-p448/lib/ruby/gems/1.9.1/specifications/activeresource-3.2.6.gemspec
I, [2013-12-29T06:35:38.804866 #90056]  INFO -- : 0:  bundler (1.5.0) from /Users/johntibbetts/.rbenv/versions/1.9.3-p448/lib/ruby/gems/1.9.1/specifications/bundler-1.5.0.gemspec
I, [2013-12-29T06:35:38.805137 #90056]  INFO -- : 0:  rails (3.2.6) from /Users/johntibbetts/.rbenv/versions/1.9.3-p448/lib/ruby/gems/1.9.1/specifications/rails-3.2.6.gemspec
I, [2013-12-29T06:35:38.805413 #90056]  INFO -- : 0:  polyamorous (0.6.4) from /Users/johntibbetts/.rbenv/versions/1.9.3-p448/lib/ruby/gems/1.9.1/specifications/polyamorous-0.6.4.gemspec
I, [2013-12-29T06:35:38.805777 #90056]  INFO -- : 0:  ransack (1.1.0) from /Users/johntibbetts/.rbenv/versions/1.9.3-p448/lib/ruby/gems/1.9.1/specifications/ransack-1.1.0.gemspec
I, [2013-12-29T06:35:38.806046 #90056]  INFO -- : 0:  sass-rails (3.2.6) from /Users/johntibbetts/.rbenv/versions/1.9.3-p448/lib/ruby/gems/1.9.1/specifications/sass-rails-3.2.6.gemspec
I, [2013-12-29T06:35:39.214952 #90056]  INFO -- : 0:  activeadmin (1.0.0.pre) from /Users/johntibbetts/.rbenv/versions/1.9.3-p448/lib/ruby/gems/1.9.1/bundler/gems/active_admin-03c7bc771bf7/activeadmin.gemspec
I, [2013-12-29T06:35:39.215870 #90056]  INFO -- : 0:  haml (4.0.4) from /Users/johntibbetts/.rbenv/versions/1.9.3-p448/lib/ruby/gems/1.9.1/specifications/haml-4.0.4.gemspec
I, [2013-12-29T06:35:39.216383 #90056]  INFO -- : 0:  haml-rails (0.4) from /Users/johntibbetts/.rbenv/versions/1.9.3-p448/lib/ruby/gems/1.9.1/specifications/haml-rails-0.4.gemspec
I, [2013-12-29T06:35:39.216864 #90056]  INFO -- : 0:  multi_xml (0.5.5) from /Users/johntibbetts/.rbenv/versions/1.9.3-p448/lib/ruby/gems/1.9.1/specifications/multi_xml-0.5.5.gemspec
I, [2013-12-29T06:35:39.217340 #90056]  INFO -- : 0:  httparty (0.8.3) from /Users/johntibbetts/.rbenv/versions/1.9.3-p448/lib/ruby/gems/1.9.1/specifications/httparty-0.8.3.gemspec
I, [2013-12-29T06:35:39.217807 #90056]  INFO -- : 0:  jsonpath (0.5.5) from /Users/johntibbetts/.rbenv/versions/1.9.3-p448/lib/ruby/gems/1.9.1/specifications/jsonpath-0.5.5.gemspec
I, [2013-12-29T06:35:39.218242 #90056]  INFO -- : 0:  lrucache (0.1.4) from /Users/johntibbetts/.rbenv/versions/1.9.3-p448/lib/ruby/gems/1.9.1/specifications/lrucache-0.1.4.gemspec
I, [2013-12-29T06:35:39.218859 #90056]  INFO -- : 0:  oauth (0.4.7) from /Users/johntibbetts/.rbenv/versions/1.9.3-p448/lib/ruby/gems/1.9.1/specifications/oauth-0.4.7.gemspec
I, [2013-12-29T06:35:39.234707 #90056]  INFO -- : 0:  lti2_commons (1.4) from /Users/johntibbetts/git/lti2_reference/lti2_commons/lti2_commons.gemspec
I, [2013-12-29T06:35:39.235170 #90056]  INFO -- : 0:  mysql2 (0.3.13) from /Users/johntibbetts/.rbenv/versions/1.9.3-p448/lib/ruby/gems/1.9.1/specifications/mysql2-0.3.13.gemspec
I, [2013-12-29T06:35:39.289136 #90056]  INFO -- : 0:  lti2_tp (0.0.1) from /Users/johntibbetts/git/lti2_reference/lti2_tp/lti2_tp.gemspec
I, [2013-12-29T06:35:39.289734 #90056]  INFO -- : 0:  systemu (2.5.2) from /Users/johntibbetts/.rbenv/versions/1.9.3-p448/lib/ruby/gems/1.9.1/specifications/systemu-2.5.2.gemspec
I, [2013-12-29T06:35:39.290151 #90056]  INFO -- : 0:  macaddr (1.6.1) from /Users/johntibbetts/.rbenv/versions/1.9.3-p448/lib/ruby/gems/1.9.1/specifications/macaddr-1.6.1.gemspec
I, [2013-12-29T06:35:39.290574 #90056]  INFO -- : 0:  redis (3.0.6) from /Users/johntibbetts/.rbenv/versions/1.9.3-p448/lib/ruby/gems/1.9.1/specifications/redis-3.0.6.gemspec
I, [2013-12-29T06:35:39.291021 #90056]  INFO -- : 0:  sqlite3 (1.3.8) from /Users/johntibbetts/.rbenv/versions/1.9.3-p448/lib/ruby/gems/1.9.1/specifications/sqlite3-1.3.8.gemspec
I, [2013-12-29T06:35:39.291473 #90056]  INFO -- : 0:  uglifier (2.4.0) from /Users/johntibbetts/.rbenv/versions/1.9.3-p448/lib/ruby/gems/1.9.1/specifications/uglifier-2.4.0.gemspec
I, [2013-12-29T06:35:39.291917 #90056]  INFO -- : 0:  uuid (2.3.7) from /Users/johntibbetts/.rbenv/versions/1.9.3-p448/lib/ruby/gems/1.9.1/specifications/uuid-2.3.7.gemspec
I, [2013-12-29T06:35:39.292362 #90056]  INFO -- : 0:  yaml_db (0.2.3) from /Users/johntibbetts/.rbenv/versions/1.9.3-p448/lib/ruby/gems/1.9.1/specifications/yaml_db-0.2.3.gemspec
I, [2013-12-29T06:37:47.848695 #90162]  INFO -- : 0:  rake (10.1.1) from /Users/johntibbetts/.rbenv/versions/1.9.3-p448/lib/ruby/gems/1.9.1/specifications/rake-10.1.1.gemspec
I, [2013-12-29T06:37:47.849198 #90162]  INFO -- : 0:  PriorityQueue (0.1.2) from /Users/johntibbetts/.rbenv/versions/1.9.3-p448/lib/ruby/gems/1.9.1/specifications/PriorityQueue-0.1.2.gemspec
I, [2013-12-29T06:37:47.849485 #90162]  INFO -- : 0:  RedCloth (4.2.9) from /Users/johntibbetts/.rbenv/versions/1.9.3-p448/lib/ruby/gems/1.9.1/specifications/RedCloth-4.2.9.gemspec
I, [2013-12-29T06:37:47.849813 #90162]  INFO -- : 0:  i18n (0.6.9) from /Users/johntibbetts/.rbenv/versions/1.9.3-p448/lib/ruby/gems/1.9.1/specifications/i18n-0.6.9.gemspec
I, [2013-12-29T06:37:47.850109 #90162]  INFO -- : 0:  multi_json (1.8.2) from /Users/johntibbetts/.rbenv/versions/1.9.3-p448/lib/ruby/gems/1.9.1/specifications/multi_json-1.8.2.gemspec
I, [2013-12-29T06:37:47.850378 #90162]  INFO -- : 0:  activesupport (3.2.6) from /Users/johntibbetts/.rbenv/versions/1.9.3-p448/lib/ruby/gems/1.9.1/specifications/activesupport-3.2.6.gemspec
I, [2013-12-29T06:37:47.850644 #90162]  INFO -- : 0:  builder (3.0.4) from /Users/johntibbetts/.gem/ruby/1.9.1/specifications/builder-3.0.4.gemspec
I, [2013-12-29T06:37:47.850933 #90162]  INFO -- : 0:  activemodel (3.2.6) from /Users/johntibbetts/.rbenv/versions/1.9.3-p448/lib/ruby/gems/1.9.1/specifications/activemodel-3.2.6.gemspec
I, [2013-12-29T06:37:47.851267 #90162]  INFO -- : 0:  erubis (2.7.0) from /Users/johntibbetts/.gem/ruby/1.9.1/specifications/erubis-2.7.0.gemspec
I, [2013-12-29T06:37:47.851567 #90162]  INFO -- : 0:  journey (1.0.4) from /Users/johntibbetts/.gem/ruby/1.9.1/specifications/journey-1.0.4.gemspec
I, [2013-12-29T06:37:47.851878 #90162]  INFO -- : 0:  rack (1.4.1) from /Users/johntibbetts/.rbenv/versions/1.9.3-p448/lib/ruby/gems/1.9.1/specifications/rack-1.4.1.gemspec
I, [2013-12-29T06:37:47.852153 #90162]  INFO -- : 0:  rack-cache (1.2) from /Users/johntibbetts/.gem/ruby/1.9.1/specifications/rack-cache-1.2.gemspec
I, [2013-12-29T06:37:47.852442 #90162]  INFO -- : 0:  rack-test (0.6.2) from /Users/johntibbetts/.gem/ruby/1.9.1/specifications/rack-test-0.6.2.gemspec
I, [2013-12-29T06:37:47.852771 #90162]  INFO -- : 0:  hike (1.2.3) from /Users/johntibbetts/.rbenv/versions/1.9.3-p448/lib/ruby/gems/1.9.1/specifications/hike-1.2.3.gemspec
I, [2013-12-29T06:37:47.853048 #90162]  INFO -- : 0:  tilt (1.4.1) from /Users/johntibbetts/.rbenv/versions/1.9.3-p448/lib/ruby/gems/1.9.1/specifications/tilt-1.4.1.gemspec
I, [2013-12-29T06:37:47.853352 #90162]  INFO -- : 0:  sprockets (2.1.3) from /Users/johntibbetts/.rbenv/versions/1.9.3-p448/lib/ruby/gems/1.9.1/specifications/sprockets-2.1.3.gemspec
I, [2013-12-29T06:37:47.853697 #90162]  INFO -- : 0:  actionpack (3.2.6) from /Users/johntibbetts/.rbenv/versions/1.9.3-p448/lib/ruby/gems/1.9.1/specifications/actionpack-3.2.6.gemspec
I, [2013-12-29T06:37:47.853985 #90162]  INFO -- : 0:  mime-types (1.25.1) from /Users/johntibbetts/.rbenv/versions/1.9.3-p448/lib/ruby/gems/1.9.1/specifications/mime-types-1.25.1.gemspec
I, [2013-12-29T06:37:47.854261 #90162]  INFO -- : 0:  polyglot (0.3.3) from /Users/johntibbetts/.gem/ruby/1.9.1/specifications/polyglot-0.3.3.gemspec
I, [2013-12-29T06:37:47.854541 #90162]  INFO -- : 0:  treetop (1.4.15) from /Users/johntibbetts/.rbenv/versions/1.9.3-p448/lib/ruby/gems/1.9.1/specifications/treetop-1.4.15.gemspec
I, [2013-12-29T06:37:47.854809 #90162]  INFO -- : 0:  mail (2.4.4) from /Users/johntibbetts/.rbenv/versions/1.9.3-p448/lib/ruby/gems/1.9.1/specifications/mail-2.4.4.gemspec
I, [2013-12-29T06:37:47.855110 #90162]  INFO -- : 0:  actionmailer (3.2.6) from /Users/johntibbetts/.rbenv/versions/1.9.3-p448/lib/ruby/gems/1.9.1/specifications/actionmailer-3.2.6.gemspec
I, [2013-12-29T06:37:47.855376 #90162]  INFO -- : 0:  arbre (1.0.1) from /Users/johntibbetts/.rbenv/versions/1.9.3-p448/lib/ruby/gems/1.9.1/specifications/arbre-1.0.1.gemspec
I, [2013-12-29T06:37:47.855679 #90162]  INFO -- : 0:  sass (3.2.13) from /Users/johntibbetts/.rbenv/versions/1.9.3-p448/lib/ruby/gems/1.9.1/specifications/sass-3.2.13.gemspec
I, [2013-12-29T06:37:47.855967 #90162]  INFO -- : 0:  thor (0.18.1) from /Users/johntibbetts/.gem/ruby/1.9.1/specifications/thor-0.18.1.gemspec
I, [2013-12-29T06:37:47.856245 #90162]  INFO -- : 0:  bourbon (3.1.8) from /Users/johntibbetts/.rbenv/versions/1.9.3-p448/lib/ruby/gems/1.9.1/specifications/bourbon-3.1.8.gemspec
I, [2013-12-29T06:37:47.856503 #90162]  INFO -- : 0:  coffee-script-source (1.6.3) from /Users/johntibbetts/.rbenv/versions/1.9.3-p448/lib/ruby/gems/1.9.1/specifications/coffee-script-source-1.6.3.gemspec
I, [2013-12-29T06:37:47.856771 #90162]  INFO -- : 0:  execjs (2.0.2) from /Users/johntibbetts/.rbenv/versions/1.9.3-p448/lib/ruby/gems/1.9.1/specifications/execjs-2.0.2.gemspec
I, [2013-12-29T06:37:47.857026 #90162]  INFO -- : 0:  coffee-script (2.2.0) from /Users/johntibbetts/.rbenv/versions/1.9.3-p448/lib/ruby/gems/1.9.1/specifications/coffee-script-2.2.0.gemspec
I, [2013-12-29T06:37:47.857305 #90162]  INFO -- : 0:  rack-ssl (1.3.3) from /Users/johntibbetts/.gem/ruby/1.9.1/specifications/rack-ssl-1.3.3.gemspec
I, [2013-12-29T06:37:47.857590 #90162]  INFO -- : 0:  json (1.8.1) from /Users/johntibbetts/.rbenv/versions/1.9.3-p448/lib/ruby/gems/1.9.1/specifications/json-1.8.1.gemspec
I, [2013-12-29T06:37:47.857934 #90162]  INFO -- : 0:  rdoc (3.12.2) from /Users/johntibbetts/.rbenv/versions/1.9.3-p448/lib/ruby/gems/1.9.1/specifications/rdoc-3.12.2.gemspec
I, [2013-12-29T06:37:47.858237 #90162]  INFO -- : 0:  railties (3.2.6) from /Users/johntibbetts/.rbenv/versions/1.9.3-p448/lib/ruby/gems/1.9.1/specifications/railties-3.2.6.gemspec
I, [2013-12-29T06:37:47.858509 #90162]  INFO -- : 0:  coffee-rails (3.2.2) from /Users/johntibbetts/.rbenv/versions/1.9.3-p448/lib/ruby/gems/1.9.1/specifications/coffee-rails-3.2.2.gemspec
I, [2013-12-29T06:37:47.858763 #90162]  INFO -- : 0:  bcrypt-ruby (3.1.2) from /Users/johntibbetts/.rbenv/versions/1.9.3-p448/lib/ruby/gems/1.9.1/specifications/bcrypt-ruby-3.1.2.gemspec
I, [2013-12-29T06:37:47.859019 #90162]  INFO -- : 0:  orm_adapter (0.5.0) from /Users/johntibbetts/.rbenv/versions/1.9.3-p448/lib/ruby/gems/1.9.1/specifications/orm_adapter-0.5.0.gemspec
I, [2013-12-29T06:37:47.859323 #90162]  INFO -- : 0:  atomic (1.1.14) from /Users/johntibbetts/.rbenv/versions/1.9.3-p448/lib/ruby/gems/1.9.1/specifications/atomic-1.1.14.gemspec
I, [2013-12-29T06:37:47.859609 #90162]  INFO -- : 0:  thread_safe (0.1.3) from /Users/johntibbetts/.rbenv/versions/1.9.3-p448/lib/ruby/gems/1.9.1/specifications/thread_safe-0.1.3.gemspec
I, [2013-12-29T06:37:47.859879 #90162]  INFO -- : 0:  warden (1.2.3) from /Users/johntibbetts/.rbenv/versions/1.9.3-p448/lib/ruby/gems/1.9.1/specifications/warden-1.2.3.gemspec
I, [2013-12-29T06:37:47.860221 #90162]  INFO -- : 0:  devise (3.2.2) from /Users/johntibbetts/.rbenv/versions/1.9.3-p448/lib/ruby/gems/1.9.1/specifications/devise-3.2.2.gemspec
I, [2013-12-29T06:37:47.860507 #90162]  INFO -- : 0:  formtastic (2.3.0.rc2) from /Users/johntibbetts/.rbenv/versions/1.9.3-p448/lib/ruby/gems/1.9.1/specifications/formtastic-2.3.0.rc2.gemspec
I, [2013-12-29T06:37:47.860803 #90162]  INFO -- : 0:  has_scope (0.6.0.rc) from /Users/johntibbetts/.rbenv/versions/1.9.3-p448/lib/ruby/gems/1.9.1/specifications/has_scope-0.6.0.rc.gemspec
I, [2013-12-29T06:37:47.861095 #90162]  INFO -- : 0:  responders (1.0.0) from /Users/johntibbetts/.rbenv/versions/1.9.3-p448/lib/ruby/gems/1.9.1/specifications/responders-1.0.0.gemspec
I, [2013-12-29T06:37:47.861378 #90162]  INFO -- : 0:  inherited_resources (1.4.1) from /Users/johntibbetts/.rbenv/versions/1.9.3-p448/lib/ruby/gems/1.9.1/specifications/inherited_resources-1.4.1.gemspec
I, [2013-12-29T06:37:47.861660 #90162]  INFO -- : 0:  jquery-rails (3.0.4) from /Users/johntibbetts/.rbenv/versions/1.9.3-p448/lib/ruby/gems/1.9.1/specifications/jquery-rails-3.0.4.gemspec
I, [2013-12-29T06:37:47.861961 #90162]  INFO -- : 0:  jquery-ui-rails (4.1.1) from /Users/johntibbetts/.rbenv/versions/1.9.3-p448/lib/ruby/gems/1.9.1/specifications/jquery-ui-rails-4.1.1.gemspec
I, [2013-12-29T06:37:49.371901 #90162]  INFO -- : 0:  kaminari (0.14.1) from /Users/johntibbetts/.rbenv/versions/1.9.3-p448/lib/ruby/gems/1.9.1/specifications/kaminari-0.14.1.gemspec
I, [2013-12-29T06:37:49.372405 #90162]  INFO -- : 0:  arel (3.0.3) from /Users/johntibbetts/.rbenv/versions/1.9.3-p448/lib/ruby/gems/1.9.1/specifications/arel-3.0.3.gemspec
I, [2013-12-29T06:37:49.372740 #90162]  INFO -- : 0:  tzinfo (0.3.38) from /Users/johntibbetts/.rbenv/versions/1.9.3-p448/lib/ruby/gems/1.9.1/specifications/tzinfo-0.3.38.gemspec
I, [2013-12-29T06:37:49.373058 #90162]  INFO -- : 0:  activerecord (3.2.6) from /Users/johntibbetts/.rbenv/versions/1.9.3-p448/lib/ruby/gems/1.9.1/specifications/activerecord-3.2.6.gemspec
I, [2013-12-29T06:37:49.373361 #90162]  INFO -- : 0:  activeresource (3.2.6) from /Users/johntibbetts/.rbenv/versions/1.9.3-p448/lib/ruby/gems/1.9.1/specifications/activeresource-3.2.6.gemspec
I, [2013-12-29T06:37:49.373643 #90162]  INFO -- : 0:  bundler (1.5.0) from /Users/johntibbetts/.rbenv/versions/1.9.3-p448/lib/ruby/gems/1.9.1/specifications/bundler-1.5.0.gemspec
I, [2013-12-29T06:37:49.373942 #90162]  INFO -- : 0:  rails (3.2.6) from /Users/johntibbetts/.rbenv/versions/1.9.3-p448/lib/ruby/gems/1.9.1/specifications/rails-3.2.6.gemspec
I, [2013-12-29T06:37:49.374257 #90162]  INFO -- : 0:  polyamorous (0.6.4) from /Users/johntibbetts/.rbenv/versions/1.9.3-p448/lib/ruby/gems/1.9.1/specifications/polyamorous-0.6.4.gemspec
I, [2013-12-29T06:37:49.374562 #90162]  INFO -- : 0:  ransack (1.1.0) from /Users/johntibbetts/.rbenv/versions/1.9.3-p448/lib/ruby/gems/1.9.1/specifications/ransack-1.1.0.gemspec
I, [2013-12-29T06:37:49.374860 #90162]  INFO -- : 0:  sass-rails (3.2.6) from /Users/johntibbetts/.rbenv/versions/1.9.3-p448/lib/ruby/gems/1.9.1/specifications/sass-rails-3.2.6.gemspec
I, [2013-12-29T06:37:49.702824 #90162]  INFO -- : 0:  activeadmin (1.0.0.pre) from /Users/johntibbetts/.rbenv/versions/1.9.3-p448/lib/ruby/gems/1.9.1/bundler/gems/active_admin-5e4fe269a32e/activeadmin.gemspec
I, [2013-12-29T06:37:49.703482 #90162]  INFO -- : 0:  haml (4.0.4) from /Users/johntibbetts/.rbenv/versions/1.9.3-p448/lib/ruby/gems/1.9.1/specifications/haml-4.0.4.gemspec
I, [2013-12-29T06:37:49.703926 #90162]  INFO -- : 0:  haml-rails (0.4) from /Users/johntibbetts/.rbenv/versions/1.9.3-p448/lib/ruby/gems/1.9.1/specifications/haml-rails-0.4.gemspec
I, [2013-12-29T06:37:49.704300 #90162]  INFO -- : 0:  multi_xml (0.5.5) from /Users/johntibbetts/.rbenv/versions/1.9.3-p448/lib/ruby/gems/1.9.1/specifications/multi_xml-0.5.5.gemspec
I, [2013-12-29T06:37:49.704600 #90162]  INFO -- : 0:  httparty (0.8.3) from /Users/johntibbetts/.rbenv/versions/1.9.3-p448/lib/ruby/gems/1.9.1/specifications/httparty-0.8.3.gemspec
I, [2013-12-29T06:37:49.704911 #90162]  INFO -- : 0:  jsonpath (0.5.5) from /Users/johntibbetts/.rbenv/versions/1.9.3-p448/lib/ruby/gems/1.9.1/specifications/jsonpath-0.5.5.gemspec
I, [2013-12-29T06:37:49.705210 #90162]  INFO -- : 0:  lrucache (0.1.4) from /Users/johntibbetts/.rbenv/versions/1.9.3-p448/lib/ruby/gems/1.9.1/specifications/lrucache-0.1.4.gemspec
I, [2013-12-29T06:37:49.705514 #90162]  INFO -- : 0:  oauth (0.4.7) from /Users/johntibbetts/.rbenv/versions/1.9.3-p448/lib/ruby/gems/1.9.1/specifications/oauth-0.4.7.gemspec
I, [2013-12-29T06:37:49.715758 #90162]  INFO -- : 0:  lti2_commons (1.4) from /Users/johntibbetts/git/lti2_reference/lti2_commons/lti2_commons.gemspec
I, [2013-12-29T06:37:49.716149 #90162]  INFO -- : 0:  mysql2 (0.3.13) from /Users/johntibbetts/.rbenv/versions/1.9.3-p448/lib/ruby/gems/1.9.1/specifications/mysql2-0.3.13.gemspec
I, [2013-12-29T06:37:49.761001 #90162]  INFO -- : 0:  lti2_tp (0.0.1) from /Users/johntibbetts/git/lti2_reference/lti2_tp/lti2_tp.gemspec
I, [2013-12-29T06:37:49.761435 #90162]  INFO -- : 0:  systemu (2.5.2) from /Users/johntibbetts/.rbenv/versions/1.9.3-p448/lib/ruby/gems/1.9.1/specifications/systemu-2.5.2.gemspec
I, [2013-12-29T06:37:49.761726 #90162]  INFO -- : 0:  macaddr (1.6.1) from /Users/johntibbetts/.rbenv/versions/1.9.3-p448/lib/ruby/gems/1.9.1/specifications/macaddr-1.6.1.gemspec
I, [2013-12-29T06:37:49.762058 #90162]  INFO -- : 0:  redis (3.0.6) from /Users/johntibbetts/.rbenv/versions/1.9.3-p448/lib/ruby/gems/1.9.1/specifications/redis-3.0.6.gemspec
I, [2013-12-29T06:37:49.762343 #90162]  INFO -- : 0:  sqlite3 (1.3.8) from /Users/johntibbetts/.rbenv/versions/1.9.3-p448/lib/ruby/gems/1.9.1/specifications/sqlite3-1.3.8.gemspec
I, [2013-12-29T06:37:49.762622 #90162]  INFO -- : 0:  uglifier (2.4.0) from /Users/johntibbetts/.rbenv/versions/1.9.3-p448/lib/ruby/gems/1.9.1/specifications/uglifier-2.4.0.gemspec
I, [2013-12-29T06:37:49.762886 #90162]  INFO -- : 0:  uuid (2.3.7) from /Users/johntibbetts/.rbenv/versions/1.9.3-p448/lib/ruby/gems/1.9.1/specifications/uuid-2.3.7.gemspec
I, [2013-12-29T06:37:49.763199 #90162]  INFO -- : 0:  yaml_db (0.2.3) from /Users/johntibbetts/.rbenv/versions/1.9.3-p448/lib/ruby/gems/1.9.1/specifications/yaml_db-0.2.3.gemspec
I, [2013-12-29T06:39:12.436623 #90256]  INFO -- : 0:  rake (10.1.1) from /Users/johntibbetts/.rbenv/versions/1.9.3-p448/lib/ruby/gems/1.9.1/specifications/rake-10.1.1.gemspec
I, [2013-12-29T06:39:12.439018 #90256]  INFO -- : 0:  PriorityQueue (0.1.2) from /Users/johntibbetts/.rbenv/versions/1.9.3-p448/lib/ruby/gems/1.9.1/specifications/PriorityQueue-0.1.2.gemspec
I, [2013-12-29T06:39:12.444372 #90256]  INFO -- : 0:  RedCloth (4.2.9) from /Users/johntibbetts/.rbenv/versions/1.9.3-p448/lib/ruby/gems/1.9.1/specifications/RedCloth-4.2.9.gemspec
I, [2013-12-29T06:39:12.444916 #90256]  INFO -- : 0:  i18n (0.6.9) from /Users/johntibbetts/.rbenv/versions/1.9.3-p448/lib/ruby/gems/1.9.1/specifications/i18n-0.6.9.gemspec
I, [2013-12-29T06:39:12.445310 #90256]  INFO -- : 0:  multi_json (1.8.2) from /Users/johntibbetts/.rbenv/versions/1.9.3-p448/lib/ruby/gems/1.9.1/specifications/multi_json-1.8.2.gemspec
I, [2013-12-29T06:39:12.445749 #90256]  INFO -- : 0:  activesupport (3.2.6) from /Users/johntibbetts/.rbenv/versions/1.9.3-p448/lib/ruby/gems/1.9.1/specifications/activesupport-3.2.6.gemspec
I, [2013-12-29T06:39:12.446189 #90256]  INFO -- : 0:  builder (3.0.4) from /Users/johntibbetts/.gem/ruby/1.9.1/specifications/builder-3.0.4.gemspec
I, [2013-12-29T06:39:12.446601 #90256]  INFO -- : 0:  activemodel (3.2.6) from /Users/johntibbetts/.rbenv/versions/1.9.3-p448/lib/ruby/gems/1.9.1/specifications/activemodel-3.2.6.gemspec
I, [2013-12-29T06:39:12.447038 #90256]  INFO -- : 0:  erubis (2.7.0) from /Users/johntibbetts/.gem/ruby/1.9.1/specifications/erubis-2.7.0.gemspec
I, [2013-12-29T06:39:12.447460 #90256]  INFO -- : 0:  journey (1.0.4) from /Users/johntibbetts/.gem/ruby/1.9.1/specifications/journey-1.0.4.gemspec
I, [2013-12-29T06:39:12.447885 #90256]  INFO -- : 0:  rack (1.4.1) from /Users/johntibbetts/.rbenv/versions/1.9.3-p448/lib/ruby/gems/1.9.1/specifications/rack-1.4.1.gemspec
I, [2013-12-29T06:39:12.448323 #90256]  INFO -- : 0:  rack-cache (1.2) from /Users/johntibbetts/.gem/ruby/1.9.1/specifications/rack-cache-1.2.gemspec
I, [2013-12-29T06:39:12.448897 #90256]  INFO -- : 0:  rack-test (0.6.2) from /Users/johntibbetts/.gem/ruby/1.9.1/specifications/rack-test-0.6.2.gemspec
I, [2013-12-29T06:39:12.449410 #90256]  INFO -- : 0:  hike (1.2.3) from /Users/johntibbetts/.rbenv/versions/1.9.3-p448/lib/ruby/gems/1.9.1/specifications/hike-1.2.3.gemspec
I, [2013-12-29T06:39:12.449856 #90256]  INFO -- : 0:  tilt (1.4.1) from /Users/johntibbetts/.rbenv/versions/1.9.3-p448/lib/ruby/gems/1.9.1/specifications/tilt-1.4.1.gemspec
I, [2013-12-29T06:39:12.450167 #90256]  INFO -- : 0:  sprockets (2.1.3) from /Users/johntibbetts/.rbenv/versions/1.9.3-p448/lib/ruby/gems/1.9.1/specifications/sprockets-2.1.3.gemspec
I, [2013-12-29T06:39:12.450492 #90256]  INFO -- : 0:  actionpack (3.2.6) from /Users/johntibbetts/.rbenv/versions/1.9.3-p448/lib/ruby/gems/1.9.1/specifications/actionpack-3.2.6.gemspec
I, [2013-12-29T06:39:12.450835 #90256]  INFO -- : 0:  mime-types (1.25.1) from /Users/johntibbetts/.rbenv/versions/1.9.3-p448/lib/ruby/gems/1.9.1/specifications/mime-types-1.25.1.gemspec
I, [2013-12-29T06:39:12.451298 #90256]  INFO -- : 0:  polyglot (0.3.3) from /Users/johntibbetts/.gem/ruby/1.9.1/specifications/polyglot-0.3.3.gemspec
I, [2013-12-29T06:39:12.451846 #90256]  INFO -- : 0:  treetop (1.4.15) from /Users/johntibbetts/.rbenv/versions/1.9.3-p448/lib/ruby/gems/1.9.1/specifications/treetop-1.4.15.gemspec
I, [2013-12-29T06:39:12.452343 #90256]  INFO -- : 0:  mail (2.4.4) from /Users/johntibbetts/.rbenv/versions/1.9.3-p448/lib/ruby/gems/1.9.1/specifications/mail-2.4.4.gemspec
I, [2013-12-29T06:39:12.452807 #90256]  INFO -- : 0:  actionmailer (3.2.6) from /Users/johntibbetts/.rbenv/versions/1.9.3-p448/lib/ruby/gems/1.9.1/specifications/actionmailer-3.2.6.gemspec
I, [2013-12-29T06:39:12.453239 #90256]  INFO -- : 0:  arbre (1.0.1) from /Users/johntibbetts/.rbenv/versions/1.9.3-p448/lib/ruby/gems/1.9.1/specifications/arbre-1.0.1.gemspec
I, [2013-12-29T06:39:12.453701 #90256]  INFO -- : 0:  sass (3.2.13) from /Users/johntibbetts/.rbenv/versions/1.9.3-p448/lib/ruby/gems/1.9.1/specifications/sass-3.2.13.gemspec
I, [2013-12-29T06:39:12.454107 #90256]  INFO -- : 0:  thor (0.18.1) from /Users/johntibbetts/.gem/ruby/1.9.1/specifications/thor-0.18.1.gemspec
I, [2013-12-29T06:39:12.454532 #90256]  INFO -- : 0:  bourbon (3.1.8) from /Users/johntibbetts/.rbenv/versions/1.9.3-p448/lib/ruby/gems/1.9.1/specifications/bourbon-3.1.8.gemspec
I, [2013-12-29T06:39:12.454975 #90256]  INFO -- : 0:  coffee-script-source (1.6.3) from /Users/johntibbetts/.rbenv/versions/1.9.3-p448/lib/ruby/gems/1.9.1/specifications/coffee-script-source-1.6.3.gemspec
I, [2013-12-29T06:39:12.455417 #90256]  INFO -- : 0:  execjs (2.0.2) from /Users/johntibbetts/.rbenv/versions/1.9.3-p448/lib/ruby/gems/1.9.1/specifications/execjs-2.0.2.gemspec
I, [2013-12-29T06:39:12.455824 #90256]  INFO -- : 0:  coffee-script (2.2.0) from /Users/johntibbetts/.rbenv/versions/1.9.3-p448/lib/ruby/gems/1.9.1/specifications/coffee-script-2.2.0.gemspec
I, [2013-12-29T06:39:12.456166 #90256]  INFO -- : 0:  rack-ssl (1.3.3) from /Users/johntibbetts/.gem/ruby/1.9.1/specifications/rack-ssl-1.3.3.gemspec
I, [2013-12-29T06:39:12.456551 #90256]  INFO -- : 0:  json (1.8.1) from /Users/johntibbetts/.rbenv/versions/1.9.3-p448/lib/ruby/gems/1.9.1/specifications/json-1.8.1.gemspec
I, [2013-12-29T06:39:12.456887 #90256]  INFO -- : 0:  rdoc (3.12.2) from /Users/johntibbetts/.rbenv/versions/1.9.3-p448/lib/ruby/gems/1.9.1/specifications/rdoc-3.12.2.gemspec
I, [2013-12-29T06:39:12.457243 #90256]  INFO -- : 0:  railties (3.2.6) from /Users/johntibbetts/.rbenv/versions/1.9.3-p448/lib/ruby/gems/1.9.1/specifications/railties-3.2.6.gemspec
I, [2013-12-29T06:39:12.457576 #90256]  INFO -- : 0:  coffee-rails (3.2.2) from /Users/johntibbetts/.rbenv/versions/1.9.3-p448/lib/ruby/gems/1.9.1/specifications/coffee-rails-3.2.2.gemspec
I, [2013-12-29T06:39:12.457912 #90256]  INFO -- : 0:  bcrypt-ruby (3.1.2) from /Users/johntibbetts/.rbenv/versions/1.9.3-p448/lib/ruby/gems/1.9.1/specifications/bcrypt-ruby-3.1.2.gemspec
I, [2013-12-29T06:39:12.458311 #90256]  INFO -- : 0:  orm_adapter (0.5.0) from /Users/johntibbetts/.rbenv/versions/1.9.3-p448/lib/ruby/gems/1.9.1/specifications/orm_adapter-0.5.0.gemspec
I, [2013-12-29T06:39:12.458717 #90256]  INFO -- : 0:  atomic (1.1.14) from /Users/johntibbetts/.rbenv/versions/1.9.3-p448/lib/ruby/gems/1.9.1/specifications/atomic-1.1.14.gemspec
I, [2013-12-29T06:39:12.459065 #90256]  INFO -- : 0:  thread_safe (0.1.3) from /Users/johntibbetts/.rbenv/versions/1.9.3-p448/lib/ruby/gems/1.9.1/specifications/thread_safe-0.1.3.gemspec
I, [2013-12-29T06:39:12.459399 #90256]  INFO -- : 0:  warden (1.2.3) from /Users/johntibbetts/.rbenv/versions/1.9.3-p448/lib/ruby/gems/1.9.1/specifications/warden-1.2.3.gemspec
I, [2013-12-29T06:39:12.459724 #90256]  INFO -- : 0:  devise (3.2.2) from /Users/johntibbetts/.rbenv/versions/1.9.3-p448/lib/ruby/gems/1.9.1/specifications/devise-3.2.2.gemspec
I, [2013-12-29T06:39:12.460057 #90256]  INFO -- : 0:  formtastic (2.3.0.rc2) from /Users/johntibbetts/.rbenv/versions/1.9.3-p448/lib/ruby/gems/1.9.1/specifications/formtastic-2.3.0.rc2.gemspec
I, [2013-12-29T06:39:12.460372 #90256]  INFO -- : 0:  has_scope (0.6.0.rc) from /Users/johntibbetts/.rbenv/versions/1.9.3-p448/lib/ruby/gems/1.9.1/specifications/has_scope-0.6.0.rc.gemspec
I, [2013-12-29T06:39:12.460695 #90256]  INFO -- : 0:  responders (1.0.0) from /Users/johntibbetts/.rbenv/versions/1.9.3-p448/lib/ruby/gems/1.9.1/specifications/responders-1.0.0.gemspec
I, [2013-12-29T06:39:12.461063 #90256]  INFO -- : 0:  inherited_resources (1.4.1) from /Users/johntibbetts/.rbenv/versions/1.9.3-p448/lib/ruby/gems/1.9.1/specifications/inherited_resources-1.4.1.gemspec
I, [2013-12-29T06:39:12.461385 #90256]  INFO -- : 0:  jquery-rails (3.0.4) from /Users/johntibbetts/.rbenv/versions/1.9.3-p448/lib/ruby/gems/1.9.1/specifications/jquery-rails-3.0.4.gemspec
I, [2013-12-29T06:39:12.461706 #90256]  INFO -- : 0:  jquery-ui-rails (4.1.1) from /Users/johntibbetts/.rbenv/versions/1.9.3-p448/lib/ruby/gems/1.9.1/specifications/jquery-ui-rails-4.1.1.gemspec
I, [2013-12-29T06:39:12.462043 #90256]  INFO -- : 0:  kaminari (0.14.1) from /Users/johntibbetts/.rbenv/versions/1.9.3-p448/lib/ruby/gems/1.9.1/specifications/kaminari-0.14.1.gemspec
I, [2013-12-29T06:39:12.462378 #90256]  INFO -- : 0:  arel (3.0.3) from /Users/johntibbetts/.rbenv/versions/1.9.3-p448/lib/ruby/gems/1.9.1/specifications/arel-3.0.3.gemspec
I, [2013-12-29T06:39:12.462705 #90256]  INFO -- : 0:  tzinfo (0.3.38) from /Users/johntibbetts/.rbenv/versions/1.9.3-p448/lib/ruby/gems/1.9.1/specifications/tzinfo-0.3.38.gemspec
I, [2013-12-29T06:39:12.463058 #90256]  INFO -- : 0:  activerecord (3.2.6) from /Users/johntibbetts/.rbenv/versions/1.9.3-p448/lib/ruby/gems/1.9.1/specifications/activerecord-3.2.6.gemspec
I, [2013-12-29T06:39:12.463405 #90256]  INFO -- : 0:  activeresource (3.2.6) from /Users/johntibbetts/.rbenv/versions/1.9.3-p448/lib/ruby/gems/1.9.1/specifications/activeresource-3.2.6.gemspec
I, [2013-12-29T06:39:12.463723 #90256]  INFO -- : 0:  bundler (1.5.0) from /Users/johntibbetts/.rbenv/versions/1.9.3-p448/lib/ruby/gems/1.9.1/specifications/bundler-1.5.0.gemspec
I, [2013-12-29T06:39:12.464074 #90256]  INFO -- : 0:  rails (3.2.6) from /Users/johntibbetts/.rbenv/versions/1.9.3-p448/lib/ruby/gems/1.9.1/specifications/rails-3.2.6.gemspec
I, [2013-12-29T06:39:12.464400 #90256]  INFO -- : 0:  polyamorous (0.6.4) from /Users/johntibbetts/.rbenv/versions/1.9.3-p448/lib/ruby/gems/1.9.1/specifications/polyamorous-0.6.4.gemspec
I, [2013-12-29T06:39:12.464737 #90256]  INFO -- : 0:  ransack (1.1.0) from /Users/johntibbetts/.rbenv/versions/1.9.3-p448/lib/ruby/gems/1.9.1/specifications/ransack-1.1.0.gemspec
I, [2013-12-29T06:39:12.465084 #90256]  INFO -- : 0:  sass-rails (3.2.6) from /Users/johntibbetts/.rbenv/versions/1.9.3-p448/lib/ruby/gems/1.9.1/specifications/sass-rails-3.2.6.gemspec
I, [2013-12-29T06:39:12.729348 #90256]  INFO -- : 0:  activeadmin (1.0.0.pre) from /Users/johntibbetts/.rbenv/versions/1.9.3-p448/lib/ruby/gems/1.9.1/bundler/gems/active_admin-5e4fe269a32e/activeadmin.gemspec
I, [2013-12-29T06:39:12.729737 #90256]  INFO -- : 0:  haml (4.0.4) from /Users/johntibbetts/.rbenv/versions/1.9.3-p448/lib/ruby/gems/1.9.1/specifications/haml-4.0.4.gemspec
I, [2013-12-29T06:39:12.730024 #90256]  INFO -- : 0:  haml-rails (0.4) from /Users/johntibbetts/.rbenv/versions/1.9.3-p448/lib/ruby/gems/1.9.1/specifications/haml-rails-0.4.gemspec
I, [2013-12-29T06:39:12.730289 #90256]  INFO -- : 0:  multi_xml (0.5.5) from /Users/johntibbetts/.rbenv/versions/1.9.3-p448/lib/ruby/gems/1.9.1/specifications/multi_xml-0.5.5.gemspec
I, [2013-12-29T06:39:12.730556 #90256]  INFO -- : 0:  httparty (0.8.3) from /Users/johntibbetts/.rbenv/versions/1.9.3-p448/lib/ruby/gems/1.9.1/specifications/httparty-0.8.3.gemspec
I, [2013-12-29T06:39:12.730818 #90256]  INFO -- : 0:  jsonpath (0.5.5) from /Users/johntibbetts/.rbenv/versions/1.9.3-p448/lib/ruby/gems/1.9.1/specifications/jsonpath-0.5.5.gemspec
I, [2013-12-29T06:39:12.731086 #90256]  INFO -- : 0:  lrucache (0.1.4) from /Users/johntibbetts/.rbenv/versions/1.9.3-p448/lib/ruby/gems/1.9.1/specifications/lrucache-0.1.4.gemspec
I, [2013-12-29T06:39:12.731348 #90256]  INFO -- : 0:  oauth (0.4.7) from /Users/johntibbetts/.rbenv/versions/1.9.3-p448/lib/ruby/gems/1.9.1/specifications/oauth-0.4.7.gemspec
I, [2013-12-29T06:39:12.741171 #90256]  INFO -- : 0:  lti2_commons (1.4) from /Users/johntibbetts/git/lti2_reference/lti2_commons/lti2_commons.gemspec
I, [2013-12-29T06:39:12.741544 #90256]  INFO -- : 0:  mysql2 (0.3.13) from /Users/johntibbetts/.rbenv/versions/1.9.3-p448/lib/ruby/gems/1.9.1/specifications/mysql2-0.3.13.gemspec
I, [2013-12-29T06:39:12.778936 #90256]  INFO -- : 0:  lti2_tp (0.0.1) from /Users/johntibbetts/git/lti2_reference/lti2_tp/lti2_tp.gemspec
I, [2013-12-29T06:39:12.779374 #90256]  INFO -- : 0:  systemu (2.5.2) from /Users/johntibbetts/.rbenv/versions/1.9.3-p448/lib/ruby/gems/1.9.1/specifications/systemu-2.5.2.gemspec
I, [2013-12-29T06:39:12.779660 #90256]  INFO -- : 0:  macaddr (1.6.1) from /Users/johntibbetts/.rbenv/versions/1.9.3-p448/lib/ruby/gems/1.9.1/specifications/macaddr-1.6.1.gemspec
I, [2013-12-29T06:39:12.779933 #90256]  INFO -- : 0:  redis (3.0.6) from /Users/johntibbetts/.rbenv/versions/1.9.3-p448/lib/ruby/gems/1.9.1/specifications/redis-3.0.6.gemspec
I, [2013-12-29T06:39:12.780210 #90256]  INFO -- : 0:  sqlite3 (1.3.8) from /Users/johntibbetts/.rbenv/versions/1.9.3-p448/lib/ruby/gems/1.9.1/specifications/sqlite3-1.3.8.gemspec
I, [2013-12-29T06:39:12.780521 #90256]  INFO -- : 0:  uglifier (2.4.0) from /Users/johntibbetts/.rbenv/versions/1.9.3-p448/lib/ruby/gems/1.9.1/specifications/uglifier-2.4.0.gemspec
I, [2013-12-29T06:39:12.780787 #90256]  INFO -- : 0:  uuid (2.3.7) from /Users/johntibbetts/.rbenv/versions/1.9.3-p448/lib/ruby/gems/1.9.1/specifications/uuid-2.3.7.gemspec
I, [2013-12-29T06:39:12.781051 #90256]  INFO -- : 0:  yaml_db (0.2.3) from /Users/johntibbetts/.rbenv/versions/1.9.3-p448/lib/ruby/gems/1.9.1/specifications/yaml_db-0.2.3.gemspec
